<?xml version="1.0" encoding="UTF-8"?>
<!-- Generated by org.testng.reporters.JUnitReportReporter -->
<testsuite name="p1.NewTest" tests="1" time="16.452" ignored="0" failures="0" timestamp="25 Sep 2019 07:43:24 GMT" skipped="0" hostname="QAPLANET-PC" errors="0">
  <testcase name="tc1" time="16.452" classname="p1.NewTest"/>
</testsuite> <!-- p1.NewTest -->
